<?xml version="1.0" encoding="UTF-8"?>
<!-- Generated by org.testng.reporters.JUnitXMLReporter -->
<testsuite ignored="0" hostname="Gabby" failures="0" tests="6" name="Default test" time="0.072" errors="0" timestamp="2022-02-25T16:58:32 EST">
  <testcase classname="Day10.dependsOnTest" name="OpenBrowser" time="0.009"/>
  <testcase classname="Day10.groupTests" name="test1" time="0.002"/>
  <testcase classname="Day10.groupTests" name="test2" time="0.001"/>
  <testcase classname="Day10.groupTests" name="test3" time="0.002"/>
  <testcase classname="Day10.groupTests" name="test4" time="0.002"/>
  <testcase classname="Day10.dependsOnTest" name="SignIn" time="0.002"/>
</testsuite> <!-- Default test -->
