<?xml version="1.0" encoding="UTF-8"?>
<!-- Generated by org.testng.reporters.JUnitXMLReporter -->
<testsuite ignored="2" hostname="Gabby" failures="0" tests="1" name="Default test" time="21.625" errors="0" timestamp="2022-03-03T21:12:29 EST">
  <testcase classname="Day13.myAccontLogin" name="LoginWithInvalidUsernameInvalidPassword" time="3.503"/>
  <testcase classname="Day13.myAccontLogin" name="LoginWithValidUsernameEmptyPassword" time="0.0">
    <ignored/>
  </testcase> <!-- LoginWithValidUsernameEmptyPassword -->
  <testcase classname="Day13.myAccontLogin" name="LoginWithValidUsernamePassword" time="0.0">
    <ignored/>
  </testcase> <!-- LoginWithValidUsernamePassword -->
</testsuite> <!-- Default test -->
