<?xml version="1.0" encoding="UTF-8"?>
<!-- Generated by org.testng.reporters.JUnitXMLReporter -->
<testsuite ignored="1" hostname="Gabby" failures="0" tests="5" name="SmokeTest" time="0.089" errors="0" timestamp="2022-03-02T11:20:28 EST">
  <testcase classname="Day10.groupTests" name="test1" time="0.009"/>
  <testcase classname="Day10.groupTests" name="test2" time="0.001"/>
  <testcase classname="Day10.groupTests" name="test3" time="0.001"/>
  <testcase classname="Day10.groupTests" name="test4" time="0.0"/>
  <testcase classname="Day10.dependsOnTest" name="OpenBrowser" time="0.005"/>
  <testcase classname="Day10.dependsOnTest" name="SignIn" time="0.0">
    <ignored/>
  </testcase> <!-- SignIn -->
</testsuite> <!-- SmokeTest -->
