<?xml version="1.0" encoding="UTF-8"?>
<!-- Generated by org.testng.reporters.JUnitXMLReporter -->
<testsuite ignored="1" hostname="Gabby" failures="0" tests="3" name="Test" time="0.052" errors="0" timestamp="2022-02-24T22:33:27 EST">
  <testcase classname="Day10_TestNG.groupTests" name="test1" time="0.009"/>
  <testcase classname="Day10_TestNG.groupTests" name="test2" time="0.001"/>
  <testcase classname="Day10_TestNG.groupTests" name="test3" time="0.001"/>
  <testcase classname="Day10_TestNG.groupTests" name="test4" time="0.0">
    <ignored/>
  </testcase> <!-- test4 -->
</testsuite> <!-- Test -->
