<?xml version="1.0" encoding="UTF-8"?>
<testng-results ignored="0" total="2" passed="2" failed="0" skipped="0">
  <reporter-output>
  </reporter-output>
  <suite started-at="2022-02-24T22:05:16 EST" name="Default suite" finished-at="2022-02-24T22:05:16 EST" duration-ms="45">
    <groups>
    </groups>
    <test started-at="2022-02-24T22:05:16 EST" name="Default test" finished-at="2022-02-24T22:05:16 EST" duration-ms="45">
      <class name="Day10_TestNG.testingTestNGAnnotation">
        <test-method is-config="true" signature="beforeSuite()[pri:0, instance:Day10_TestNG.testingTestNGAnnotation@505fc5a4]" started-at="2022-02-24T22:05:16 EST" name="beforeSuite" finished-at="2022-02-24T22:05:16 EST" duration-ms="10" status="PASS">
          <reporter-output>
          </reporter-output>
        </test-method> <!-- beforeSuite -->
        <test-method is-config="true" signature="beforeTest()[pri:0, instance:Day10_TestNG.testingTestNGAnnotation@505fc5a4]" started-at="2022-02-24T22:05:16 EST" name="beforeTest" finished-at="2022-02-24T22:05:16 EST" duration-ms="1" status="PASS">
          <reporter-output>
          </reporter-output>
        </test-method> <!-- beforeTest -->
        <test-method is-config="true" signature="beforeClass()[pri:0, instance:Day10_TestNG.testingTestNGAnnotation@505fc5a4]" started-at="2022-02-24T22:05:16 EST" name="beforeClass" finished-at="2022-02-24T22:05:16 EST" duration-ms="1" status="PASS">
          <reporter-output>
          </reporter-output>
        </test-method> <!-- beforeClass -->
        <test-method is-config="true" signature="beforeMethod()[pri:0, instance:Day10_TestNG.testingTestNGAnnotation@505fc5a4]" started-at="2022-02-24T22:05:16 EST" name="beforeMethod" finished-at="2022-02-24T22:05:16 EST" duration-ms="1" status="PASS">
          <reporter-output>
          </reporter-output>
        </test-method> <!-- beforeMethod -->
        <test-method signature="test1()[pri:0, instance:Day10_TestNG.testingTestNGAnnotation@505fc5a4]" started-at="2022-02-24T22:05:16 EST" name="test1" finished-at="2022-02-24T22:05:16 EST" duration-ms="4" status="PASS">
          <reporter-output>
          </reporter-output>
        </test-method> <!-- test1 -->
        <test-method is-config="true" signature="afterMethod()[pri:0, instance:Day10_TestNG.testingTestNGAnnotation@505fc5a4]" started-at="2022-02-24T22:05:16 EST" name="afterMethod" finished-at="2022-02-24T22:05:16 EST" duration-ms="0" status="PASS">
          <reporter-output>
          </reporter-output>
        </test-method> <!-- afterMethod -->
        <test-method signature="test2()[pri:0, instance:Day10_TestNG.testingTestNGAnnotation@505fc5a4]" started-at="2022-02-24T22:05:16 EST" name="test2" finished-at="2022-02-24T22:05:16 EST" duration-ms="2" status="PASS">
          <reporter-output>
          </reporter-output>
        </test-method> <!-- test2 -->
        <test-method is-config="true" signature="beforeMethod()[pri:0, instance:Day10_TestNG.testingTestNGAnnotation@505fc5a4]" started-at="2022-02-24T22:05:16 EST" name="beforeMethod" finished-at="2022-02-24T22:05:16 EST" duration-ms="0" status="PASS">
          <reporter-output>
          </reporter-output>
        </test-method> <!-- beforeMethod -->
        <test-method is-config="true" signature="afterMethod()[pri:0, instance:Day10_TestNG.testingTestNGAnnotation@505fc5a4]" started-at="2022-02-24T22:05:16 EST" name="afterMethod" finished-at="2022-02-24T22:05:16 EST" duration-ms="0" status="PASS">
          <reporter-output>
          </reporter-output>
        </test-method> <!-- afterMethod -->
        <test-method is-config="true" signature="afterClass()[pri:0, instance:Day10_TestNG.testingTestNGAnnotation@505fc5a4]" started-at="2022-02-24T22:05:16 EST" name="afterClass" finished-at="2022-02-24T22:05:16 EST" duration-ms="0" status="PASS">
          <reporter-output>
          </reporter-output>
        </test-method> <!-- afterClass -->
        <test-method is-config="true" signature="afterTest()[pri:0, instance:Day10_TestNG.testingTestNGAnnotation@505fc5a4]" started-at="2022-02-24T22:05:16 EST" name="afterTest" finished-at="2022-02-24T22:05:16 EST" duration-ms="0" status="PASS">
          <reporter-output>
          </reporter-output>
        </test-method> <!-- afterTest -->
        <test-method is-config="true" signature="afterSuite()[pri:0, instance:Day10_TestNG.testingTestNGAnnotation@505fc5a4]" started-at="2022-02-24T22:05:16 EST" name="afterSuite" finished-at="2022-02-24T22:05:16 EST" duration-ms="0" status="PASS">
          <reporter-output>
          </reporter-output>
        </test-method> <!-- afterSuite -->
      </class> <!-- Day10_TestNG.testingTestNGAnnotation -->
    </test> <!-- Default test -->
  </suite> <!-- Default suite -->
</testng-results>
