<?xml version="1.0" encoding="UTF-8"?>
<testng-results ignored="0" total="1" passed="1" failed="0" skipped="0">
  <reporter-output>
  </reporter-output>
  <suite started-at="2022-04-13T01:49:36 EDT" name="Suite" finished-at="2022-04-13T01:49:36 EDT" duration-ms="60">
    <groups>
    </groups>
    <test started-at="2022-04-13T01:49:36 EDT" name="Test" finished-at="2022-04-13T01:49:36 EDT" duration-ms="60">
      <class name="Day11.passingParameters">
        <test-method signature="SumOf(int,int)[pri:0, instance:Day11.passingParameters@2053d869]" started-at="2022-04-13T01:49:36 EDT" name="SumOf" finished-at="2022-04-13T01:49:36 EDT" duration-ms="12" status="PASS">
          <params>
            <param index="0">
              <value>
                <![CDATA[22]]>
              </value>
            </param>
            <param index="1">
              <value>
                <![CDATA[330]]>
              </value>
            </param>
          </params>
          <reporter-output>
          </reporter-output>
        </test-method> <!-- SumOf -->
      </class> <!-- Day11.passingParameters -->
    </test> <!-- Test -->
  </suite> <!-- Suite -->
</testng-results>
